INFO : Individual Table 
 +-------+----------------------+--------+------------+-----+-------+------------+-------+-------------------+
|   ID  |         Name         | Gender |  Birthday  | Age | Alive |   Death    | Child |       Spouse      |
+-------+----------------------+--------+------------+-----+-------+------------+-------+-------------------+
|  @I1@ |   Jay /Pritchett/    |   M    | 1903-01-02 | 116 |  True |     NA     |   NA  |  ['@F1@', '@F2@'] |
|  @I2@ |  Gloria /Pritchett/  |   F    | 2020-12-12 |  -2 |  True |     NA     |   NA  |  ['@F1@', '@F3@'] |
|  @I3@ | Mitchell /Pritchett/ |   M    | 1975-08-09 |  44 |  True |     NA     |  @F2@ |      ['@F4@']     |
|  @I4@ |   Cameron /Tucker/   |   M    | 1972-02-29 |  47 |  True |     NA     |  @F5@ |      ['@F4@']     |
|  @I5@ |  Claire /Pritchett/  |   F    | 1969-11-11 |  49 |  True |     NA     |  @F2@ |      ['@F6@']     |
|  @I6@ |    Phil /Dunphy/     |   M    |    N-A     |  NA |  True |     NA     |  @F7@ |      ['@F6@']     |
|  @I7@ |   Joe /Pritchett/    |   M    | 2013-01-16 |  6  |  True |     NA     |  @F1@ |         NA        |
|  @I8@ |   Javier /Delgado/   |   M    | 1969-05-10 |  50 |  True |     NA     |   NA  |      ['@F3@']     |
|  @I9@ |   Dede /Prichett/    |   F    | 2021-12-31 |  -3 | False | 2019-09-29 |   NA  |      ['@F2@']     |
| @I10@ |   Manny /Delgado/    |   M    | 2002-04-04 |  17 |  True |     NA     |  @F3@ |         NA        |
| @I11@ |  Lilly /Pritchett/   |   F    | 2008-02-14 |  11 |  True |     NA     |  @F4@ |         NA        |
| @I12@ |    Alex /Dunphy/     |   F    | 1998-03-15 |  21 |  True |     NA     |  @F6@ |         NA        |
| @I13@ |    Luke /Dunphy/     |   M    | 2002-11-28 |  16 |  True |     NA     |  @F6@ |         NA        |
| @I14@ |    Haley /Dunphy/    |   F    | 1993-12-10 |  25 |  True |     NA     |  @F6@ |      ['@F8@']     |
| @I15@ |   Dylan /Marshall/   |   M    | 1993-08-20 |  26 |  True |     NA     |  @F9@ |      ['@F8@']     |
| @I16@ |    Frank /Dunphy/    |   M    | 1945-07-12 |  74 |  True |     NA     |   NA  | ['@F7@', '@F10@'] |
| @I17@ |  Lorraine /Dunphy/   |   F    | 1955-09-10 |  64 |  True |     NA     |   NA  |     ['@F10@']     |
| @I18@ |    Grace /Dunphy/    |   F    | 1948-06-07 |  6  | False | 1954-12-20 |   NA  |      ['@F7@']     |
| @I19@ |    Merle /Tucker/    |   M    | 1945-04-18 |  74 |  True |     NA     |   NA  |      ['@F5@']     |
| @I20@ |    Barb /Tucker/     |   F    | 1945-11-24 |  73 |  True |     NA     |   NA  |      ['@F5@']     |
| @I21@ |    Ben /Marshall/    |   M    | 1968-10-20 |  50 |  True |     NA     |   NA  |      ['@F9@']     |
| @I22@ |  Farrah /Marshall/   |   F    | 1968-09-15 |  51 |  True |     NA     |   NA  |      ['@F9@']     |
| @I23@ |   Jake /Marshall/    |   M    | 2019-09-29 |  0  |  True |     NA     |  @F8@ |         NA        |
| @I24@ |     Jack /Smith/     |   M    | 2013-09-18 |  2  | False | 2016-04-04 |  @F8@ |         NA        |
+-------+----------------------+--------+------------+-----+-------+------------+-------+-------------------+
INFO : Family Table 
 +-------+------------+------------+------------+----------------------+---------+--------------------+-----------------------------+
|   ID  |  Married   |  Divorced  | Husband ID |     Husband Name     | Wife ID |     Wife Name      |           Children          |
+-------+------------+------------+------------+----------------------+---------+--------------------+-----------------------------+
|  @F1@ |    N-A     |     NA     |    @I1@    |   Jay /Pritchett/    |   @I2@  | Gloria /Pritchett/ |           ['@I7@']          |
|  @F2@ | 1968-06-06 | 2020-07-17 |    @I1@    |   Jay /Pritchett/    |   @I9@  |  Dede /Prichett/   |       ['@I3@', '@I5@']      |
|  @F3@ | 2020-02-14 | 2006-10-04 |    @I8@    |   Javier /Delgado/   |   @I2@  | Gloria /Pritchett/ |          ['@I10@']          |
|  @F4@ | 2005-06-08 |     NA     |    @I3@    | Mitchell /Pritchett/ |   @I4@  |  Cameron /Tucker/  |          ['@I11@']          |
|  @F5@ | 1970-05-09 |     NA     |   @I19@    |    Merle /Tucker/    |  @I20@  |   Barb /Tucker/    |           ['@I4@']          |
|  @F6@ | 1992-01-13 |     NA     |    @I6@    |    Phil /Dunphy/     |   @I5@  | Claire /Pritchett/ | ['@I12@', '@I13@', '@I14@'] |
|  @F7@ | 2017-02-15 |     NA     |   @I16@    |    Frank /Dunphy/    |  @I18@  |   Grace /Dunphy/   |           ['@I6@']          |
|  @F8@ | 2019-05-13 |     NA     |   @I15@    |   Dylan /Marshall/   |  @I14@  |   Haley /Dunphy/   |          ['@I23@']          |
|  @F9@ | 1992-01-05 |     NA     |   @I21@    |    Ben /Marshall/    |  @I22@  | Farrah /Marshall/  |          ['@I15@']          |
| @F10@ | 1966-01-06 |     NA     |   @I16@    |    Frank /Dunphy/    |  @I17@  | Lorraine /Dunphy/  |              NA             |
+-------+------------+------------+------------+----------------------+---------+--------------------+-----------------------------+
ERROR : US22: INDI: @I1@: Individual already exists
ERROR : US42: INDI: @I6@: Illegitimate date for Birth Date 32 FEB 1968
ERROR : US42: INDI: @I19@: Illegitimate date for Death Date 43 JUN 2004
ERROR : US42: FAM: @F1@: Illegitimate date for Marriage Date 32 AUG 2008
ERROR : US21: FAM: @F4@: Wife (@I4@) has incorrect gender
ERROR : US01 : INDI : @I2@ : Birth Date 12 DEC 2020 is before today's date.
ERROR : US01 : INDI : @I6@ : Birth Date is not known 
ERROR : US01 : INDI : @I9@ : Birth Date 31 DEC 2021 is before today's date.
ERROR : US01 : FAM : @F1@ : Marriage Date is not known 
ERROR : US01 : FAM : @F2@ : Divorce Date 17 JUL 2020 is before today's date.
ERROR : US01 : FAM : @F3@ : Marriage Date 14 FEB 2020 is before today's date.
ERROR : US02 : FAM : @F2@ : Marriage Date 1968-06-06 is before Wife's (@I9@) birthdate 2021-12-31
ERROR : US02 : FAM : @F3@ : Marriage Date 2020-02-14 is before Wife's (@I2@) birthdate 2020-12-12
ERROR : US03 : INDI : @I9@ : Death Date 2019-09-29 is before Birth Date 2021-12-31 
ERROR : US04 : FAM : @F3@ : Divorce Date 2006-10-04 is before Marriage Date 2020-02-14
ERROR : US05 : FAM : @F7@ : In Family (@F7@), Marriage Date 2017-02-15 is after Wife's (@I18@) Death 1954-12-20
INFO :  US35: INDI: List all birthdays in the last 30 days 
 +-------+-----------------+-------------+
|   ID  |       Name      |   Birthday  |
+-------+-----------------+-------------+
| @I23@ | Jake /Marshall/ | 29 SEP 2019 |
+-------+-----------------+-------------+
INFO :  US36: INDI: List all deaths in the last 30 days 
 +------+-----------------+-------------+
|  ID  |       Name      |    Death    |
+------+-----------------+-------------+
| @I9@ | Dede /Prichett/ | 29 SEP 2019 |
+------+-----------------+-------------+
